> [debug] [2026-03-11T08:03:53.547Z] Vercel CLI 50.31.1
> [debug] [2026-03-11T08:03:53.577Z] Agent/TTY/nonInteractive: isAgent=true agentName=antigravity stdin.isTTY=true --non-interactive=false explicitFalse=false => nonInteractive=false
> [debug] [2026-03-11T08:03:53.579Z] user supplied a possible target for deployment or an extension
> [debug] [2026-03-11T08:03:53.629Z] failed to find extension command with name "vercel---prod"
> [debug] [2026-03-11T08:03:53.937Z] Setting target to production
> [debug] [2026-03-11T08:03:54.204Z] Spinner invoked (Retrieving project…) with a 1000ms delay
> [debug] [2026-03-11T08:03:54.213Z] Valid access token, skipping token refresh.
> [debug] [2026-03-11T08:03:54.426Z] #1 → GET https://api.vercel.com/teams/team_Ae2MmZImWlmWBr9TX3XdyOZz?teamId=team_Ae2MmZImWlmWBr9TX3XdyOZz
> [debug] [2026-03-11T08:03:54.445Z] #2 → GET https://api.vercel.com/v9/projects/prj_bINrCdsLzjgzdcC75xQjMxl9NDxf?teamId=team_Ae2MmZImWlmWBr9TX3XdyOZz
> [debug] [2026-03-11T08:03:55.071Z] #1 ← 200 OK: sfo1::2qs5z-1773216234967-d390559a34c7 [644ms]
> [debug] [2026-03-11T08:03:55.086Z] #2 ← 200 OK: sfo1::p98gp-1773216234967-1253b4a47868 [634ms]
> [debug] [2026-03-11T08:03:55.491Z] Spinner invoked (Deploying david-lees-projects-eaec79f2/mongle-teachers-room) with a 0ms delay
[client-debug] 2026-03-11T08:03:55.493Z Creating deployment...
[client-debug] 2026-03-11T08:03:55.493Z Provided 'path' is a directory.
[client-debug] 2026-03-11T08:03:55.498Z Found 26 rules in .vercelignore
[client-debug] 2026-03-11T08:03:55.498Z Building file tree...
[client-debug] 2026-03-11T08:03:55.513Z Found 23 files in the specified directory
[client-debug] 2026-03-11T08:03:55.520Z Yielding a 'hashes-calculated' event with 23 hashes
> [debug] [2026-03-11T08:03:55.525Z] #3 → GET https://api.vercel.com/v9/projects/mongle-teachers-room?teamId=team_Ae2MmZImWlmWBr9TX3XdyOZz
> [debug] [2026-03-11T08:03:55.727Z] #3 ← 200 OK: sfo1::p9hmq-1773216235615-587fbf1da36f [196ms]
[client-debug] 2026-03-11T08:03:55.734Z Using provided API URL: https://api.vercel.com
[client-debug] 2026-03-11T08:03:55.734Z Using provided user agent: vercel 50.31.1 node-v22.18.0 darwin (arm64)
[client-debug] 2026-03-11T08:03:55.734Z Setting platform version to harcoded value 2
[client-debug] 2026-03-11T08:03:55.734Z Creating the deployment and starting upload...
[client-debug] 2026-03-11T08:03:55.734Z Determining necessary files for upload...
[client-debug] 2026-03-11T08:03:55.735Z Creating deployment
[client-debug] 2026-03-11T08:03:55.736Z Sending deployment creation API request
[client-debug] 2026-03-11T08:03:55.975Z Deployment response: {"error":{"code":"missing_files","message":"Missing files","missing":["769e88970249c2ac78e799016668ffe789e13735","ab41ef58daa2920cafa849e34675aaf7a594ca0e"]}}
[client-debug] 2026-03-11T08:03:55.975Z Error: Deployment request status is 400
[client-debug] 2026-03-11T08:03:55.975Z 2 files are required to upload
[client-debug] 2026-03-11T08:03:55.975Z Yielding a 'file-count' event
> [debug] [2026-03-11T08:03:55.975Z] Total files 23, 2 changed
> [debug] [2026-03-11T08:03:55.976Z] Spinner invoked (Uploading [--------------------] (0.0B/96.1KB)) with a 0ms delay
[client-debug] 2026-03-11T08:03:55.978Z Building an upload list...
[client-debug] 2026-03-11T08:03:55.980Z Starting upload
[client-debug] 2026-03-11T08:03:55.982Z POST https://api.vercel.com/v2/files?teamId=team_Ae2MmZImWlmWBr9TX3XdyOZz
[client-debug] 2026-03-11T08:03:55.990Z POST https://api.vercel.com/v2/files?teamId=team_Ae2MmZImWlmWBr9TX3XdyOZz
> [debug] [2026-03-11T08:03:55.993Z] Spinner invoked (Uploading [======--------------] (33.6KB/96.1KB)) with a 0ms delay
> [debug] [2026-03-11T08:03:55.993Z] Spinner invoked (Uploading [==========----------] (49.6KB/96.1KB)) with a 0ms delay
> [debug] [2026-03-11T08:03:56.002Z] Spinner invoked (Uploading [================----] (81.6KB/96.1KB)) with a 0ms delay
> [debug] [2026-03-11T08:03:56.002Z] Spinner invoked (Uploading [====================] (96.1KB/96.1KB)) with a 0ms delay
[client-debug] 2026-03-11T08:03:56.436Z DONE in 452ms: POST https://api.vercel.com/v2/files?teamId=team_Ae2MmZImWlmWBr9TX3XdyOZz
[client-debug] 2026-03-11T08:03:56.436Z File 769e88970249c2ac78e799016668ffe789e13735 (/Users/david_lee/Documents/Antigravity mac air/몽글몽글 교무실/vercel-debug.log) uploaded
[client-debug] 2026-03-11T08:03:56.436Z Yielding a 'file-uploaded' event
> [debug] [2026-03-11T08:03:56.437Z] Uploaded: /Users/david_lee/Documents/Antigravity mac air/몽글몽글 교무실/vercel-debug.log (1.62KB)
[client-debug] 2026-03-11T08:03:56.702Z DONE in 712ms: POST https://api.vercel.com/v2/files?teamId=team_Ae2MmZImWlmWBr9TX3XdyOZz
[client-debug] 2026-03-11T08:03:56.702Z File ab41ef58daa2920cafa849e34675aaf7a594ca0e (/Users/david_lee/Documents/Antigravity mac air/몽글몽글 교무실/tsconfig.tsbuildinfo) uploaded
[client-debug] 2026-03-11T08:03:56.702Z Yielding a 'file-uploaded' event
> [debug] [2026-03-11T08:03:56.702Z] Uploaded: /Users/david_lee/Documents/Antigravity mac air/몽글몽글 교무실/tsconfig.tsbuildinfo (94.44KB)
[client-debug] 2026-03-11T08:03:56.702Z All files uploaded
[client-debug] 2026-03-11T08:03:56.702Z Yielding a 'all-files-uploaded' event
[client-debug] 2026-03-11T08:03:56.702Z Starting deployment creation
[client-debug] 2026-03-11T08:03:56.703Z Creating deployment
[client-debug] 2026-03-11T08:03:56.703Z Sending deployment creation API request
[client-debug] 2026-03-11T08:03:58.192Z Deployment response: {"alias":["mongle-teachers-room-david-lees-projects-eaec79f2.vercel.app","mongle-teachers-room-vip7612-maker-david-lees-projects-eaec79f2.vercel.app"],"aliasAssigned":false,"automaticAliases":["mongle-teachers-room-david-lees-projects-eaec79f2.vercel.app","mongle-teachers-room-vip7612-maker-david-lees-projects-eaec79f2.vercel.app"],"bootedAt":1773216237128,"buildingAt":1773216237128,"buildSkipped":false,"createdAt":1773216237128,"creator":{"uid":"PZtDPZ8aQ2aT2gcznkvuWhP6","username":"vip7612-maker"},"id":"dpl_6iEZfMjyDSQVtBo5SQr1yDPrc8vo","name":"mongle-teachers-room","meta":{"githubCommitAuthorName":"David Lee","githubCommitAuthorEmail":"david@contest.kr","githubCommitMessage":"Use @libsql/client/web to fix Vercel deploy","githubCommitOrg":"kjlee776","githubCommitRef":"main","githubCommitRepo":"mongle-teachers-room","githubCommitSha":"68db3225ea598f569c64914862934da669e9c98a","githubDeployment":"1","githubOrg":"kjlee776","githubRepo":"mongle-teachers-room","gitDirty":"1","actor":"antigravity"},"originCacheRegion":"iad1","project":{"id":"prj_bINrCdsLzjgzdcC75xQjMxl9NDxf","name":"mongle-teachers-room","framework":null},"public":false,"readyState":"INITIALIZING","regions":["iad1"],"source":"cli","status":"INITIALIZING","target":"production","team":{"id":"team_Ae2MmZImWlmWBr9TX3XdyOZz","name":"David Lee's projects","slug":"david-lees-projects-eaec79f2"},"type":"LAMBDAS","url":"mongle-teachers-room-sjyvysqje-david-lees-projects-eaec79f2.vercel.app","version":2,"previewCommentsEnabled":true,"oidcTokenClaims":{"sub":"owner:david-lees-projects-eaec79f2:project:mongle-teachers-room:environment:production","iss":"https://oidc.vercel.com/david-lees-projects-eaec79f2","scope":"owner:david-lees-projects-eaec79f2:project:mongle-teachers-room:environment:production","aud":"https://vercel.com/david-lees-projects-eaec79f2","owner":"david-lees-projects-eaec79f2","owner_id":"team_Ae2MmZImWlmWBr9TX3XdyOZz","project":"mongle-teachers-room","project_id":"prj_bINrCdsLzjgzdcC75xQjMxl9NDxf","environment":"production","plan":"hobby"},"lambdas":[{"id":"bld_nym1e5zcl","createdAt":1773216237773,"entrypoint":".","readyState":"READY","readyStateAt":1773216237773,"output":[]}],"aliasAssignedAt":null,"build":{"env":[]},"builds":[],"createdIn":"sfo1","env":[],"functions":null,"inspectorUrl":"https://vercel.com/david-lees-projects-eaec79f2/mongle-teachers-room/6iEZfMjyDSQVtBo5SQr1yDPrc8vo","isInConcurrentBuildsQueue":false,"isInSystemBuildsQueue":true,"ownerId":"team_Ae2MmZImWlmWBr9TX3XdyOZz","plan":"hobby","projectId":"prj_bINrCdsLzjgzdcC75xQjMxl9NDxf","projectSettings":{"buildCommand":null,"devCommand":null,"framework":null,"commandForIgnoringBuildStep":null,"installCommand":null,"outputDirectory":null,"speedInsights":{"id":"DTOLOU590W68q6gNO1gYe7vRc5Q","hasData":false},"webAnalytics":{"id":"kkbqnRvpijI7UGwLlDgzRkXrj"},"nodeVersion":"24.x"},"routes":null,"config":{"version":1,"secureComputePrimaryRegion":null,"secureComputeFallbackRegion":null,"functionTimeout":300,"functionType":"fluid","functionMemoryType":"standard","isUsingActiveCPU":true,"resourceConfig":{"buildQueue":{"configuration":"SKIP_NAMESPACE_QUEUE"}}}}
[client-debug] 2026-03-11T08:03:58.192Z Deployment created
[client-debug] 2026-03-11T08:03:58.192Z Yielding a 'created' event
Inspect: https://vercel.com/david-lees-projects-eaec79f2/mongle-teachers-room/6iEZfMjyDSQVtBo5SQr1yDPrc8vo [3s]
Production: https://mongle-teachers-room-sjyvysqje-david-lees-projects-eaec79f2.vercel.app [3s]
https://mongle-teachers-room-sjyvysqje-david-lees-projects-eaec79f2.vercel.app> [debug] [2026-03-11T08:03:58.199Z] Spinner invoked (Building...) with a 0ms delay
> [debug] [2026-03-11T08:03:58.200Z] #4 → GET https://api.vercel.com/v2/user
[client-debug] 2026-03-11T08:03:58.201Z Waiting for deployment to be ready...
[client-debug] 2026-03-11T08:03:58.201Z Waiting for builds and the deployment to complete...
> [debug] [2026-03-11T08:03:58.415Z] #4 ← 200 OK: sfo1::qh68w-1773216238286-922984d95a1d [214ms]
> [debug] [2026-03-11T08:03:58.421Z] #5 → GET https://api.vercel.com/v3/now/deployments/dpl_6iEZfMjyDSQVtBo5SQr1yDPrc8vo/events?direction=forward&follow=1&format=lines&teamId=team_Ae2MmZImWlmWBr9TX3XdyOZz
[client-debug] 2026-03-11T08:04:00.021Z Deployment state changed to BUILDING
[client-debug] 2026-03-11T08:04:00.022Z Yielding a 'building' event
> [debug] [2026-03-11T08:04:00.022Z] Spinner invoked (Building...) with a 0ms delay
> [debug] [2026-03-11T08:04:01.737Z] #5 ← 200 OK: sfo1::5qdnj-1773216238503-bf1e813a9638 [3.32s]
> [debug] [2026-03-11T08:04:01.740Z] Spinner invoked (Building: Running build in Washington, D.C., USA (East) – iad1) with a 0ms delay
> [debug] [2026-03-11T08:04:01.740Z] Spinner invoked (Building: Build machine configuration: 2 cores, 8 GB) with a 0ms delay
> [debug] [2026-03-11T08:04:01.741Z] Spinner invoked (Building: Retrieving list of deployment files...) with a 0ms delay
> [debug] [2026-03-11T08:04:01.741Z] Spinner invoked (Building: Skipping build cache, deployment was triggered without cache.) with a 0ms delay
> [debug] [2026-03-11T08:04:01.741Z] Spinner invoked (Building: Downloading 23 deployment files...) with a 0ms delay
> [debug] [2026-03-11T08:04:01.741Z] Spinner invoked (Building: Running "vercel build") with a 0ms delay
> [debug] [2026-03-11T08:04:02.766Z] Spinner invoked (Building: Vercel CLI 50.28.0) with a 0ms delay
> [debug] [2026-03-11T08:04:02.767Z] Spinner invoked (Building: Installing dependencies...) with a 0ms delay
> [debug] [2026-03-11T08:04:09.044Z] Spinner invoked (Building: npm warn deprecated node-domexception@1.0.0: Use your platform's native DOMException instead) with a 0ms delay
> [debug] [2026-03-11T08:04:16.257Z] Spinner invoked (Building: added 390 packages in 12s) with a 0ms delay
> [debug] [2026-03-11T08:04:16.257Z] Spinner invoked (Building: 150 packages are looking for funding) with a 0ms delay
> [debug] [2026-03-11T08:04:16.257Z] Spinner invoked (Building: run `npm fund` for details) with a 0ms delay
> [debug] [2026-03-11T08:04:16.257Z] Spinner invoked (Building: Running "npm run build") with a 0ms delay
> [debug] [2026-03-11T08:04:16.257Z] Spinner invoked (Building: > mongle-app@0.1.0 build) with a 0ms delay
> [debug] [2026-03-11T08:04:16.257Z] Spinner invoked (Building: > next build) with a 0ms delay
> [debug] [2026-03-11T08:04:16.257Z] Spinner invoked (Building: Attention: Next.js now collects completely anonymous telemetry regarding usage.) with a 0ms delay
> [debug] [2026-03-11T08:04:16.257Z] Spinner invoked (Building: This information is used to shape Next.js' roadmap and prioritize features.) with a 0ms delay
> [debug] [2026-03-11T08:04:16.257Z] Spinner invoked (Building: You can learn more, including how to opt-out if you'd not like to participate in this anonymous program, by visiting the following URL:) with a 0ms delay
> [debug] [2026-03-11T08:04:16.258Z] Spinner invoked (Building: https://nextjs.org/telemetry) with a 0ms delay
> [debug] [2026-03-11T08:04:16.258Z] Spinner invoked (Building: ▲ Next.js 16.1.6 (Turbopack)) with a 0ms delay
> [debug] [2026-03-11T08:04:16.258Z] Spinner invoked (Building: Creating an optimized production build ...) with a 0ms delay
> [debug] [2026-03-11T08:04:22.464Z] Spinner invoked (Building: ✓ Compiled successfully in 4.6s) with a 0ms delay
> [debug] [2026-03-11T08:04:22.465Z] Spinner invoked (Building: Running TypeScript ...) with a 0ms delay
> [debug] [2026-03-11T08:04:24.516Z] Spinner invoked (Building: Collecting page data using 1 worker ...) with a 0ms delay
> [debug] [2026-03-11T08:04:24.516Z] Spinner invoked (Building: TypeError: Invalid URL) with a 0ms delay
> [debug] [2026-03-11T08:04:24.516Z] Spinner invoked (Building: at <unknown> (.next/server/chunks/[root-of-the-server]__6d71ba08._.js:1:1206) {) with a 0ms delay
> [debug] [2026-03-11T08:04:24.516Z] Spinner invoked (Building: code: 'ERR_INVALID_URL',) with a 0ms delay
> [debug] [2026-03-11T08:04:24.516Z] Spinner invoked (Building: input: 'https://mongle-teachers-db-vip7612-maker.aws-ap-northeast-1.turso.io%0A') with a 0ms delay
> [debug] [2026-03-11T08:04:24.516Z] Spinner invoked (Building: }) with a 0ms delay
> [debug] [2026-03-11T08:04:24.516Z] Spinner invoked (Building: > Build error occurred) with a 0ms delay
> [debug] [2026-03-11T08:04:24.516Z] Spinner invoked (Building: Error: Failed to collect page data for /api/menus/[id]) with a 0ms delay
> [debug] [2026-03-11T08:04:24.516Z] Spinner invoked (Building: at ignore-listed frames {) with a 0ms delay
> [debug] [2026-03-11T08:04:24.516Z] Spinner invoked (Building: type: 'Error') with a 0ms delay
> [debug] [2026-03-11T08:04:24.516Z] Spinner invoked (Building: }) with a 0ms delay
> [debug] [2026-03-11T08:04:24.516Z] Spinner invoked (Building: Error: Command "npm run build" exited with 1) with a 0ms delay
[client-debug] 2026-03-11T08:04:30.046Z Yielding a 'error' event
> [debug] [2026-03-11T08:04:30.054Z] Error: Error: Command "npm run build" exited with 1
Error: Command "npm run build" exited with 1
    at Now.handleDeploymentError (file:///Users/david_lee/.npm/_npx/69f9afb961c37556/node_modules/vercel/dist/chunks/chunk-GMKRSAXH.js:4719:12)
    at processDeployment (file:///Users/david_lee/.npm/_npx/69f9afb961c37556/node_modules/vercel/dist/chunks/chunk-GMKRSAXH.js:4481:33)
    at process.processTicksAndRejections (node:internal/process/task_queues:105:5)
    at async Now.create (file:///Users/david_lee/.npm/_npx/69f9afb961c37556/node_modules/vercel/dist/chunks/chunk-GMKRSAXH.js:4611:24)
    at async createDeploy (file:///Users/david_lee/.npm/_npx/69f9afb961c37556/node_modules/vercel/dist/commands/deploy/index.js:177:12)
    at async handleDefaultDeploy (file:///Users/david_lee/.npm/_npx/69f9afb961c37556/node_modules/vercel/dist/commands/deploy/index.js:1283:18)
    at async main (file:///Users/david_lee/.npm/_npx/69f9afb961c37556/node_modules/vercel/dist/index.js:24141:18)
> [debug] [2026-03-11T08:04:30.055Z] handling error: Error: Command "npm run build" exited with 1
    at Now.handleDeploymentError (file:///Users/david_lee/.npm/_npx/69f9afb961c37556/node_modules/vercel/dist/chunks/chunk-GMKRSAXH.js:4719:12)
    at processDeployment (file:///Users/david_lee/.npm/_npx/69f9afb961c37556/node_modules/vercel/dist/chunks/chunk-GMKRSAXH.js:4481:33)
    at process.processTicksAndRejections (node:internal/process/task_queues:105:5)
    at async Now.create (file:///Users/david_lee/.npm/_npx/69f9afb961c37556/node_modules/vercel/dist/chunks/chunk-GMKRSAXH.js:4611:24)
    at async createDeploy (file:///Users/david_lee/.npm/_npx/69f9afb961c37556/node_modules/vercel/dist/commands/deploy/index.js:177:12)
    at async handleDefaultDeploy (file:///Users/david_lee/.npm/_npx/69f9afb961c37556/node_modules/vercel/dist/commands/deploy/index.js:1283:18)
    at async main (file:///Users/david_lee/.npm/_npx/69f9afb961c37556/node_modules/vercel/dist/index.js:24141:18)
Error: Command "npm run build" exited with 1
> [debug] [2026-03-11T08:04:32.063Z] Telemetry subprocess killed due to timeout
> [debug] [2026-03-11T08:04:32.084Z] Telemetry subprocess exited with code null
